<?xml version="1.0" encoding="UTF-8"?>
<!-- Generated by org.testng.reporters.JUnitReportReporter -->
<testsuite hostname="DESKTOP-V19UTEJ" failures="0" tests="7" name="org.test.TestNG_4" time="28.400" errors="0" timestamp="2023-04-26T12:05:30 IST" skipped="0">
  <testcase classname="org.test.TestNG_4" name="tc7" time="6.787"/>
  <system-out/>
  <testcase classname="org.test.TestNG_4" name="tc6" time="1.505"/>
  <system-out/>
  <testcase classname="org.test.TestNG_4" name="tc5" time="7.009"/>
  <system-out/>
  <testcase classname="org.test.TestNG_4" name="tc4" time="3.564"/>
  <system-out/>
  <testcase classname="org.test.TestNG_4" name="tc3" time="5.025"/>
  <system-out/>
  <testcase classname="org.test.TestNG_4" name="tc2" time="2.958"/>
  <system-out/>
  <testcase classname="org.test.TestNG_4" name="tc1" time="1.552"/>
  <system-out/>
</testsuite> <!-- org.test.TestNG_4 -->
