<?xml version="1.0" encoding="UTF-8"?>
<!-- Generated by org.testng.reporters.JUnitReportReporter -->
<testsuite hostname="DESKTOP-V19UTEJ" failures="0" tests="3" name="org.test.TestNG_6" time="219.686" errors="0" timestamp="2023-04-27T02:35:39 IST" skipped="0">
  <testcase classname="org.test.TestNG_6" name="amazon" time="48.155"/>
  <system-out/>
  <testcase classname="org.test.TestNG_6" name="amazon" time="74.718"/>
  <system-out/>
  <testcase classname="org.test.TestNG_6" name="amazon" time="96.813"/>
  <system-out/>
</testsuite> <!-- org.test.TestNG_6 -->
