<?xml version="1.0" encoding="UTF-8"?>
<!-- Generated by org.testng.reporters.JUnitReportReporter -->
<testsuite hostname="DESKTOP-V19UTEJ" failures="0" tests="5" name="org.test.TestNG_3" time="7.952" errors="0" timestamp="2023-04-26T11:43:29 IST" skipped="1">
  <testcase classname="org.test.TestNG_3" name="tc2" time="0.648"/>
  <system-out/>
  <testcase classname="org.test.TestNG_3" name="tc2" time="0.532"/>
  <system-out/>
  <testcase classname="org.test.TestNG_3" name="tc2" time="2.745"/>
  <system-out/>
  <testcase classname="org.test.TestNG_3" name="tc1" time="4.027"/>
  <system-out/>
  <testcase classname="org.test.TestNG_3" name="tc3">
    <skipped/>
  </testcase> <!-- tc3 -->
  <system-out/>
</testsuite> <!-- org.test.TestNG_3 -->
