<?xml version="1.0" encoding="UTF-8"?>
<!-- Generated by org.testng.reporters.JUnitReportReporter -->
<testsuite hostname="DESKTOP-V19UTEJ" failures="0" tests="2" name="org.test.A" time="0.006" errors="0" timestamp="2023-04-26T12:25:33 IST" skipped="0">
  <testcase classname="org.test.A" name="tc31" time="0.003"/>
  <system-out/>
  <testcase classname="org.test.A" name="tc35" time="0.003"/>
  <system-out/>
</testsuite> <!-- org.test.A -->
