<?xml version="1.0" encoding="UTF-8"?>
<!-- Generated by org.testng.reporters.JUnitReportReporter -->
<testsuite hostname="DESKTOP-V19UTEJ" failures="0" tests="5" name="org.test.TestNG_5" time="43.228" errors="0" timestamp="2023-04-26T22:36:02 IST" skipped="0">
  <testcase classname="org.test.TestNG_5" name="tc2" time="0.023"/>
  <system-out/>
  <testcase classname="org.test.TestNG_5" name="tc1" time="6.912"/>
  <system-out/>
  <testcase classname="org.test.TestNG_5" name="tc1" time="6.692"/>
  <system-out/>
  <testcase classname="org.test.TestNG_5" name="tc1" time="22.663"/>
  <system-out/>
  <testcase classname="org.test.TestNG_5" name="tc1" time="6.938"/>
  <system-out/>
</testsuite> <!-- org.test.TestNG_5 -->
