<?xml version="1.0" encoding="UTF-8"?>
<!-- Generated by org.testng.reporters.JUnitReportReporter -->
<testsuite hostname="DESKTOP-V19UTEJ" failures="0" tests="2" name="org.test.B" time="0.005" errors="0" timestamp="2023-04-26T12:25:33 IST" skipped="0">
  <testcase classname="org.test.B" name="tc11" time="0.003"/>
  <system-out/>
  <testcase classname="org.test.B" name="tc21" time="0.002"/>
  <system-out/>
</testsuite> <!-- org.test.B -->
