<?xml version="1.0" encoding="UTF-8"?>
<!-- Generated by org.testng.reporters.JUnitReportReporter -->
<testsuite hostname="DESKTOP-V19UTEJ" failures="0" tests="3" name="org.test.TestNG_Pro" time="0.020" errors="0" timestamp="2023-04-26T12:25:33 IST" skipped="0">
  <testcase classname="org.test.TestNG_Pro" name="tc2" time="0.004"/>
  <system-out/>
  <testcase classname="org.test.TestNG_Pro" name="tc3" time="0.004"/>
  <system-out/>
  <testcase classname="org.test.TestNG_Pro" name="tc1" time="0.012"/>
  <system-out/>
</testsuite> <!-- org.test.TestNG_Pro -->
