<?xml version="1.0" encoding="UTF-8"?>
<!-- Generated by org.testng.reporters.JUnitReportReporter -->
<testsuite hostname="DESKTOP-V19UTEJ" failures="0" tests="4" name="com.TesetNG.Ex.Ignore_Test" time="0.023" errors="0" timestamp="2023-03-16T20:43:33 IST" skipped="2">
  <testcase classname="com.TesetNG.Ex.Ignore_Test" name="two" time="0.008"/>
  <testcase classname="com.TesetNG.Ex.Ignore_Test" name="one" time="0.015"/>
  <testcase classname="com.TesetNG.Ex.Ignore_Test" name="four">
    <skipped/>
  </testcase> <!-- four -->
  <testcase classname="com.TesetNG.Ex.Ignore_Test" name="three">
    <skipped/>
  </testcase> <!-- three -->
</testsuite> <!-- com.TesetNG.Ex.Ignore_Test -->
