<?xml version="1.0" encoding="UTF-8"?>
<!-- Generated by org.testng.reporters.JUnitReportReporter -->
<testsuite hostname="DESKTOP-V19UTEJ" failures="0" tests="4" name="com.TesetNG.Ex.Desc_Test" time="0.038" errors="0" timestamp="2023-03-16T20:25:50 IST" skipped="0">
  <testcase classname="com.TesetNG.Ex.Desc_Test" name="three" time="0.007"/>
  <testcase classname="com.TesetNG.Ex.Desc_Test" name="one" time="0.007"/>
  <testcase classname="com.TesetNG.Ex.Desc_Test" name="four" time="0.020"/>
  <testcase classname="com.TesetNG.Ex.Desc_Test" name="two" time="0.004"/>
</testsuite> <!-- com.TesetNG.Ex.Desc_Test -->
