<?xml version="1.0" encoding="UTF-8"?>
<!-- Generated by org.testng.reporters.JUnitReportReporter -->
<testsuite hostname="DESKTOP-V19UTEJ" failures="0" tests="4" name="com.TesetNG.Ex.Priority_Test" time="0.025" errors="0" timestamp="2023-03-16T20:16:46 IST" skipped="0">
  <testcase classname="com.TesetNG.Ex.Priority_Test" name="one" time="0.015"/>
  <testcase classname="com.TesetNG.Ex.Priority_Test" name="two" time="0.005"/>
  <testcase classname="com.TesetNG.Ex.Priority_Test" name="three" time="0.003"/>
  <testcase classname="com.TesetNG.Ex.Priority_Test" name="four" time="0.002"/>
</testsuite> <!-- com.TesetNG.Ex.Priority_Test -->
