<?xml version="1.0" encoding="UTF-8"?>
<!-- Generated by org.testng.reporters.JUnitReportReporter -->
<testsuite hostname="DESKTOP-V19UTEJ" failures="0" tests="10" name="com.TesetNG.Ex.Invo_Test" time="0.043" errors="0" timestamp="2023-03-16T20:20:48 IST" skipped="0">
  <testcase classname="com.TesetNG.Ex.Invo_Test" name="three" time="0.007"/>
  <testcase classname="com.TesetNG.Ex.Invo_Test" name="three" time="0.002"/>
  <testcase classname="com.TesetNG.Ex.Invo_Test" name="two" time="0.002"/>
  <testcase classname="com.TesetNG.Ex.Invo_Test" name="two" time="0.000"/>
  <testcase classname="com.TesetNG.Ex.Invo_Test" name="four" time="0.003"/>
  <testcase classname="com.TesetNG.Ex.Invo_Test" name="three" time="0.001"/>
  <testcase classname="com.TesetNG.Ex.Invo_Test" name="four" time="0.002"/>
  <testcase classname="com.TesetNG.Ex.Invo_Test" name="four" time="0.016"/>
  <testcase classname="com.TesetNG.Ex.Invo_Test" name="four" time="0.003"/>
  <testcase classname="com.TesetNG.Ex.Invo_Test" name="one" time="0.007"/>
</testsuite> <!-- com.TesetNG.Ex.Invo_Test -->
