<?xml version="1.0" encoding="UTF-8"?>
<!-- Generated by org.testng.reporters.JUnitReportReporter -->
<testsuite hostname="DESKTOP-V19UTEJ" failures="0" tests="2" name="com.TesetNG.Ex.Data_provider" time="0.032" errors="0" timestamp="2023-03-20T10:26:30 IST" skipped="0">
  <testcase classname="com.TesetNG.Ex.Data_provider" name="login" time="0.015"/>
  <testcase classname="com.TesetNG.Ex.Data_provider" name="login" time="0.017"/>
</testsuite> <!-- com.TesetNG.Ex.Data_provider -->
