<?xml version="1.0" encoding="UTF-8"?>
<!-- Generated by org.testng.reporters.JUnitReportReporter -->
<testsuite hostname="DESKTOP-V19UTEJ" failures="0" tests="4" name="com.TesetNG.Ex.Depenency_Test" time="0.042" errors="0" timestamp="2023-03-20T10:12:24 IST" skipped="0">
  <testcase classname="com.TesetNG.Ex.Depenency_Test" name="three" time="0.006"/>
  <testcase classname="com.TesetNG.Ex.Depenency_Test" name="two" time="0.010"/>
  <testcase classname="com.TesetNG.Ex.Depenency_Test" name="four" time="0.008"/>
  <testcase classname="com.TesetNG.Ex.Depenency_Test" name="one" time="0.018"/>
</testsuite> <!-- com.TesetNG.Ex.Depenency_Test -->
