<?xml version="1.0" encoding="UTF-8"?>
<!-- Generated by org.testng.reporters.JUnitReportReporter -->
<testsuite hostname="DESKTOP-V19UTEJ" failures="0" tests="2" name="com.TesetNG.Ex.Assert_As" time="0.034" errors="0" timestamp="2023-03-21T10:13:04 IST" skipped="0">
  <testcase classname="com.TesetNG.Ex.Assert_As" name="hard_assert" time="0.021"/>
  <testcase classname="com.TesetNG.Ex.Assert_As" name="soft_assert" time="0.013"/>
</testsuite> <!-- com.TesetNG.Ex.Assert_As -->
