<?xml version="1.0" encoding="UTF-8"?>
<!-- Generated by org.testng.reporters.JUnitReportReporter -->
<testsuite hostname="DESKTOP-V19UTEJ" failures="0" tests="2" name="com.TesetNG.Ex.Group_Test" time="0.021" errors="0" timestamp="2023-03-20T09:22:12 IST" skipped="0">
  <testcase classname="com.TesetNG.Ex.Group_Test" name="two" time="0.006"/>
  <testcase classname="com.TesetNG.Ex.Group_Test" name="four" time="0.015"/>
</testsuite> <!-- com.TesetNG.Ex.Group_Test -->
