<?xml version="1.0" encoding="UTF-8"?>
<!-- Generated by org.testng.reporters.JUnitReportReporter -->
<testsuite hostname="DESKTOP-V19UTEJ" failures="0" tests="4" name="com.TesetNG.Ex.Expect_ExcepTest" time="0.041" errors="0" timestamp="2023-03-16T20:40:19 IST" skipped="0">
  <testcase classname="com.TesetNG.Ex.Expect_ExcepTest" name="three" time="0.013"/>
  <testcase classname="com.TesetNG.Ex.Expect_ExcepTest" name="two" time="0.007"/>
  <testcase classname="com.TesetNG.Ex.Expect_ExcepTest" name="four" time="0.015"/>
  <testcase classname="com.TesetNG.Ex.Expect_ExcepTest" name="one" time="0.006"/>
</testsuite> <!-- com.TesetNG.Ex.Expect_ExcepTest -->
