<?xml version="1.0" encoding="UTF-8"?>
<!-- Generated by org.testng.reporters.JUnitReportReporter -->
<testsuite hostname="DESKTOP-V19UTEJ" failures="0" tests="2" name="com.TesetNG.Ex.Parallel_Test" time="60.554" errors="0" timestamp="2023-03-21T09:56:40 IST" skipped="0">
  <testcase classname="com.TesetNG.Ex.Parallel_Test" name="fb" time="32.269"/>
  <testcase classname="com.TesetNG.Ex.Parallel_Test" name="amazon" time="28.285"/>
</testsuite> <!-- com.TesetNG.Ex.Parallel_Test -->
