<?xml version="1.0" encoding="UTF-8"?>
<!-- Generated by org.testng.reporters.JUnitReportReporter -->
<testsuite hostname="DESKTOP-V19UTEJ" failures="0" tests="3" name="com.TesetNG.Ex.TestNG_Ex" time="0.051" errors="0" timestamp="2023-03-16T20:12:38 IST" skipped="0">
  <testcase classname="com.TesetNG.Ex.TestNG_Ex" name="one" time="0.012"/>
  <testcase classname="com.TesetNG.Ex.TestNG_Ex" name="and" time="0.031"/>
  <testcase classname="com.TesetNG.Ex.TestNG_Ex" name="two" time="0.008"/>
</testsuite> <!-- com.TesetNG.Ex.TestNG_Ex -->
