<?xml version="1.0" encoding="UTF-8"?>
<!-- Generated by org.testng.reporters.JUnitReportReporter -->
<testsuite hostname="DESKTOP-V19UTEJ" failures="0" tests="2" name="com.TesetNG.Ex.Cross_Test" time="55.507" errors="0" timestamp="2023-03-21T10:01:59 IST" skipped="0">
  <testcase classname="com.TesetNG.Ex.Cross_Test" name="fb" time="22.894"/>
  <testcase classname="com.TesetNG.Ex.Cross_Test" name="amazon" time="32.613"/>
</testsuite> <!-- com.TesetNG.Ex.Cross_Test -->
